<?xml version="1.0" encoding="UTF-8"?>
<testsuites name="jest tests" tests="15" failures="0" time="3.538">
  <testsuite name="withFetching HOC" errors="0" failures="0" skipped="0" timestamp="2021-09-19T02:06:56" time="1.562" tests="3">
    <testcase classname="withFetching HOC" name="renders loading component while data is loading" time="0.047">
    </testcase>
    <testcase classname="withFetching HOC" name="renders main component with loaded data after data is loaded" time="0.008">
    </testcase>
    <testcase classname="withFetching HOC" name="passes reload prop to allow a child to load the data again" time="0.017">
    </testcase>
  </testsuite>
  <testsuite name="withValidation HOC" errors="0" failures="0" skipped="0" timestamp="2021-09-19T02:06:58" time="0.316" tests="3">
    <testcase classname="withValidation HOC" name="passes validateOnChange as a prop to validate changing input" time="0.025">
    </testcase>
    <testcase classname="withValidation HOC" name="passes list of errors after validation" time="0.006">
    </testcase>
    <testcase classname="withValidation HOC" name="notifies of changing input along with validation status" time="0.001">
    </testcase>
  </testsuite>
  <testsuite name="CandidateTextInput" errors="0" failures="0" skipped="0" timestamp="2021-09-19T02:06:56" time="2.191" tests="3">
    <testcase classname="CandidateTextInput" name="does not render additional views when there are no errors" time="0.517">
    </testcase>
    <testcase classname="CandidateTextInput" name="render list of errors when errors are present" time="0.004">
    </testcase>
    <testcase classname="CandidateTextInput" name="rendered errors have unique keys" time="0.002">
    </testcase>
  </testsuite>
  <testsuite name="CandidateProfileScreen" errors="0" failures="0" skipped="0" timestamp="2021-09-19T02:06:56" time="2.212" tests="1">
    <testcase classname="CandidateProfileScreen" name="renders correctly" time="0.461">
    </testcase>
  </testsuite>
  <testsuite name="Candidate Service" errors="0" failures="0" skipped="0" timestamp="2021-09-19T02:06:58" time="0.211" tests="5">
    <testcase classname="Candidate Service" name="initially has no candidates" time="0.001">
    </testcase>
    <testcase classname="Candidate Service" name="allows to add new candidate and returns it in response" time="0.002">
    </testcase>
    <testcase classname="Candidate Service" name="allows to update candidate and returns it in response" time="0.001">
    </testcase>
    <testcase classname="Candidate Service" name="allows to fetch candidate details" time="0">
    </testcase>
    <testcase classname="Candidate Service" name="allows to remove candidates" time="0.001">
    </testcase>
  </testsuite>
</testsuites>