<?xml version="1.0" encoding="UTF-8"?>
<testsuites name="jest tests" tests="15" failures="0" time="7.864">
  <testsuite name="CandidateProfileScreen" errors="0" failures="0" skipped="0" timestamp="2021-09-14T15:01:51" time="4.087" tests="1">
    <testcase classname="CandidateProfileScreen" name="renders correctly" time="0.503">
    </testcase>
  </testsuite>
  <testsuite name="CandidateTextInput" errors="0" failures="0" skipped="0" timestamp="2021-09-14T15:01:51" time="4.236" tests="3">
    <testcase classname="CandidateTextInput" name="does not render additional views when there are no errors" time="0.615">
    </testcase>
    <testcase classname="CandidateTextInput" name="render list of errors when errors are present" time="0.005">
    </testcase>
    <testcase classname="CandidateTextInput" name="rendered errors have unique keys" time="0.004">
    </testcase>
  </testsuite>
  <testsuite name="Candidate Service" errors="0" failures="0" skipped="0" timestamp="2021-09-14T15:01:55" time="0.921" tests="5">
    <testcase classname="Candidate Service" name="initially has no candidates" time="0.002">
    </testcase>
    <testcase classname="Candidate Service" name="allows to add new candidate and returns it in response" time="0.002">
    </testcase>
    <testcase classname="Candidate Service" name="allows to update candidate and returns it in response" time="0.002">
    </testcase>
    <testcase classname="Candidate Service" name="allows to fetch candidate details" time="0.001">
    </testcase>
    <testcase classname="Candidate Service" name="allows to remove candidates" time="0.001">
    </testcase>
  </testsuite>
  <testsuite name="withValidation HOC" errors="0" failures="0" skipped="0" timestamp="2021-09-14T15:01:55" time="1.053" tests="3">
    <testcase classname="withValidation HOC" name="passes validateOnChange as a prop to validate changing input" time="0.147">
    </testcase>
    <testcase classname="withValidation HOC" name="passes list of errors after validation" time="0.006">
    </testcase>
    <testcase classname="withValidation HOC" name="notifies of changing input along with validation status" time="0.005">
    </testcase>
  </testsuite>
  <testsuite name="withFetching HOC" errors="0" failures="0" skipped="0" timestamp="2021-09-14T15:01:51" time="5.636" tests="3">
    <testcase classname="withFetching HOC" name="renders loading component while data is loading" time="0.141">
    </testcase>
    <testcase classname="withFetching HOC" name="renders main component with loaded data after data is loaded" time="0.003">
    </testcase>
    <testcase classname="withFetching HOC" name="passes reload prop to allow a child to load the data again" time="0.004">
    </testcase>
  </testsuite>
</testsuites>